<?xml version="1.0" encoding="UTF-8"?>
<!-- Generated by org.testng.reporters.JUnitReportReporter -->
<testsuite name="NG.NewTest2$TestNG" tests="1" time="16.643" ignored="0" failures="0" timestamp="08 Feb 2017 15:33:48 GMT" skipped="0" hostname="Ankur" errors="0">
  <testcase name="main" time="16.643" classname="NG.NewTest2$TestNG"/>
</testsuite> <!-- NG.NewTest2$TestNG -->
