<?xml version="1.0" encoding="UTF-8"?>
<!-- Generated by org.testng.reporters.JUnitReportReporter -->
<testsuite name="NG.NewTest$TestNG" tests="1" time="31.790" ignored="0" failures="0" timestamp="10 Mar 2017 08:52:19 GMT" skipped="0" hostname="Ankur" errors="0">
  <testcase name="main" time="31.790" classname="NG.NewTest$TestNG"/>
</testsuite> <!-- NG.NewTest$TestNG -->
