<?xml version="1.0" encoding="UTF-8"?>
<!-- Generated by org.testng.reporters.JUnitReportReporter -->
<testsuite name="test.dataprovider" tests="2" time="37.707" ignored="0" failures="0" timestamp="08 Mar 2017 10:01:16 GMT" skipped="0" hostname="Ankur" errors="0">
  <testcase name="testng" time="17.018" classname="test.dataprovider"/>
  <testcase name="testng" time="20.689" classname="test.dataprovider"/>
</testsuite> <!-- test.dataprovider -->
