<?xml version="1.0" encoding="UTF-8"?>
<!-- Generated by org.testng.reporters.JUnitReportReporter -->
<testsuite name="util.NewTest" tests="1" time="18.874" ignored="0" failures="0" timestamp="10 Mar 2017 08:57:54 GMT" skipped="0" hostname="Ankur" errors="0">
  <testcase name="main" time="18.874" classname="util.NewTest"/>
</testsuite> <!-- util.NewTest -->
